/home/alex/miniconda3/envs/ReinforcementTrader/bin/python /home/alex/PycharmProjects/ReinforcementTrader/START_HERE.py 

üöÄ Starting Revolutionary AI Trading System...
============================================================
‚úì Gunicorn is installed
‚úì Using SQLite database at: /home/alex/PycharmProjects/ReinforcementTrader/instance/trading_system.db

üåê Starting server on http://127.0.0.1:5000
============================================================

‚ö° The application is starting...
üìä Open your browser to http://127.0.0.1:5000

Press Ctrl+C to stop the server

[2025-07-11 17:03:55 -0700] [58128] [INFO] Starting gunicorn 23.0.0
[2025-07-11 17:03:55 -0700] [58128] [INFO] Listening at: http://127.0.0.1:5000 (58128)
[2025-07-11 17:03:55 -0700] [58128] [INFO] Using worker: sync
[2025-07-11 17:03:55 -0700] [58162] [INFO] Booting worker with pid: 58162
INFO:gpu_data_loader:GPU processing enabled with 4 GPUs
DEBUG:asyncio:Using selector: EpollSelector
INFO:data_manager:Data Manager initialized with data directory: data
INFO:ib_integration:IB Integration initialized
INFO:risk_manager:Risk Manager initialized
INFO:trading_engine:CUDA available: 4 GPU(s) detected
INFO:trading_engine:Using GPU: NVIDIA GeForce RTX 3090
INFO:trading_engine:Trading Engine initialized with device: cuda
INFO:trading_engine:Default configurations initialized
INFO:websocket_handler:WebSocket handler initialized
127.0.0.1 - - [11/Jul/2025:17:04:02 -0700] "GET / HTTP/1.1" 200 23826 "-" "Mozilla/5.0 (X11; Linux x86_64) AppleWebKit/537.36 (KHTML, like Gecko) Chrome/138.0.0.0 Safari/537.36"
127.0.0.1 - - [11/Jul/2025:17:04:02 -0700] "GET /static/css/style.css HTTP/1.1" 304 0 "http://127.0.0.1:5000/" "Mozilla/5.0 (X11; Linux x86_64) AppleWebKit/537.36 (KHTML, like Gecko) Chrome/138.0.0.0 Safari/537.36"
127.0.0.1 - - [11/Jul/2025:17:04:02 -0700] "GET /static/js/main.js HTTP/1.1" 304 0 "http://127.0.0.1:5000/" "Mozilla/5.0 (X11; Linux x86_64) AppleWebKit/537.36 (KHTML, like Gecko) Chrome/138.0.0.0 Safari/537.36"
127.0.0.1 - - [11/Jul/2025:17:04:02 -0700] "GET /sw.js HTTP/1.1" 404 207 "http://127.0.0.1:5000/" "Mozilla/5.0 (X11; Linux x86_64) AppleWebKit/537.36 (KHTML, like Gecko) Chrome/138.0.0.0 Safari/537.36"
INFO:websocket_handler:Client rbSmhvuw9d8ljB-EAAAB connected from 127.0.0.1
INFO:websocket_handler:Background broadcast loop started successfully
INFO:websocket_handler:Background broadcast thread started
DEBUG:websocket_handler:Broadcast loop iteration 1 starting...
DEBUG:websocket_handler:Active connections found: 1
DEBUG:websocket_handler:Collecting system performance metrics...
DEBUG:websocket_handler:CPU usage collected: 2.9%
DEBUG:websocket_handler:Memory usage collected: 10.6%
DEBUG:websocket_handler:GPU usage collected: 2%
DEBUG:websocket_handler:Network I/O collected: 3942.85 MB total
INFO:websocket_handler:Performance metrics collected - CPU: 2.9%, Memory: 10.6%, GPU: 2.0%, Network: 3942.85 MB/s
DEBUG:websocket_handler:Broadcasting performance metrics...
DEBUG:websocket_handler:Performance metrics broadcast complete
DEBUG:websocket_handler:Found 0 active training sessions
DEBUG:websocket_handler:Broadcast loop iteration 1 complete, sleeping for 5 seconds
DEBUG:websocket_handler:Broadcast loop iteration 2 starting...
DEBUG:websocket_handler:Active connections found: 1
DEBUG:websocket_handler:Collecting system performance metrics...
DEBUG:websocket_handler:CPU usage collected: 3.7%
DEBUG:websocket_handler:Memory usage collected: 10.6%
DEBUG:websocket_handler:GPU usage collected: 8%
DEBUG:websocket_handler:Network I/O collected: 3943.32 MB total
INFO:websocket_handler:Performance metrics collected - CPU: 3.7%, Memory: 10.6%, GPU: 8.0%, Network: 3943.32 MB/s
DEBUG:websocket_handler:Broadcasting performance metrics...
DEBUG:websocket_handler:Performance metrics broadcast complete
DEBUG:websocket_handler:Found 0 active training sessions
DEBUG:websocket_handler:Broadcast loop iteration 2 complete, sleeping for 5 seconds
DEBUG:websocket_handler:Broadcast loop iteration 3 starting...
DEBUG:websocket_handler:Active connections found: 1
DEBUG:websocket_handler:Collecting system performance metrics...
DEBUG:websocket_handler:CPU usage collected: 3.2%
DEBUG:websocket_handler:Memory usage collected: 10.6%
DEBUG:websocket_handler:GPU usage collected: 18%
DEBUG:websocket_handler:Network I/O collected: 3943.75 MB total
INFO:websocket_handler:Performance metrics collected - CPU: 3.2%, Memory: 10.6%, GPU: 18.0%, Network: 3943.75 MB/s
DEBUG:websocket_handler:Broadcasting performance metrics...
DEBUG:websocket_handler:Performance metrics broadcast complete
DEBUG:websocket_handler:Found 0 active training sessions
DEBUG:websocket_handler:Broadcast loop iteration 3 complete, sleeping for 5 seconds
DEBUG:websocket_handler:Broadcast loop iteration 4 starting...
DEBUG:websocket_handler:Active connections found: 1
DEBUG:websocket_handler:Collecting system performance metrics...
DEBUG:websocket_handler:CPU usage collected: 3.6%
DEBUG:websocket_handler:Memory usage collected: 10.6%
DEBUG:websocket_handler:GPU usage collected: 6%
DEBUG:websocket_handler:Network I/O collected: 3944.22 MB total
INFO:websocket_handler:Performance metrics collected - CPU: 3.6%, Memory: 10.6%, GPU: 6.0%, Network: 3944.22 MB/s
DEBUG:websocket_handler:Broadcasting performance metrics...
DEBUG:websocket_handler:Performance metrics broadcast complete
DEBUG:websocket_handler:Found 0 active training sessions
DEBUG:websocket_handler:Broadcast loop iteration 4 complete, sleeping for 5 seconds
DEBUG:websocket_handler:Broadcast loop iteration 5 starting...
DEBUG:websocket_handler:Active connections found: 1
DEBUG:websocket_handler:Collecting system performance metrics...
DEBUG:websocket_handler:CPU usage collected: 3.7%
DEBUG:websocket_handler:Memory usage collected: 10.6%
DEBUG:websocket_handler:GPU usage collected: 20%
DEBUG:websocket_handler:Network I/O collected: 3944.72 MB total
INFO:websocket_handler:Performance metrics collected - CPU: 3.7%, Memory: 10.6%, GPU: 20.0%, Network: 3944.72 MB/s
DEBUG:websocket_handler:Broadcasting performance metrics...
DEBUG:websocket_handler:Performance metrics broadcast complete
DEBUG:websocket_handler:Found 0 active training sessions
DEBUG:websocket_handler:Broadcast loop iteration 5 complete, sleeping for 5 seconds
DEBUG:websocket_handler:Broadcast loop iteration 6 starting...
DEBUG:websocket_handler:Active connections found: 1
DEBUG:websocket_handler:Collecting system performance metrics...
DEBUG:websocket_handler:CPU usage collected: 4.0%
DEBUG:websocket_handler:Memory usage collected: 10.6%
DEBUG:websocket_handler:GPU usage collected: 17%
DEBUG:websocket_handler:Network I/O collected: 3945.09 MB total
INFO:websocket_handler:Performance metrics collected - CPU: 4.0%, Memory: 10.6%, GPU: 17.0%, Network: 3945.09 MB/s
DEBUG:websocket_handler:Broadcasting performance metrics...
DEBUG:websocket_handler:Performance metrics broadcast complete
DEBUG:websocket_handler:Found 0 active training sessions
DEBUG:websocket_handler:Broadcast loop iteration 6 complete, sleeping for 5 seconds
DEBUG:websocket_handler:Broadcast loop iteration 7 starting...
DEBUG:websocket_handler:Active connections found: 1
DEBUG:websocket_handler:Collecting system performance metrics...
DEBUG:websocket_handler:CPU usage collected: 4.6%
DEBUG:websocket_handler:Memory usage collected: 10.6%
DEBUG:websocket_handler:GPU usage collected: 26%
DEBUG:websocket_handler:Network I/O collected: 3945.43 MB total
INFO:websocket_handler:Performance metrics collected - CPU: 4.6%, Memory: 10.6%, GPU: 26.0%, Network: 3945.43 MB/s
DEBUG:websocket_handler:Broadcasting performance metrics...
DEBUG:websocket_handler:Performance metrics broadcast complete
DEBUG:websocket_handler:Found 0 active training sessions
DEBUG:websocket_handler:Broadcast loop iteration 7 complete, sleeping for 5 seconds
INFO:websocket_handler:Client rbSmhvuw9d8ljB-EAAAB disconnected
INFO:websocket_handler:Background broadcast thread stopped
INFO:routes:Testing training system
INFO:trading_engine:Starting training loop for session 19
INFO:trading_engine:Training session 19 started
INFO:trading_engine:Loading NQ market data for session 19
127.0.0.1 - - [11/Jul/2025:17:04:41 -0700] "GET /socket.io/?EIO=4&transport=polling&t=PVxyZ3f HTTP/1.1" 200 118 "http://127.0.0.1:5000/" "Mozilla/5.0 (X11; Linux x86_64) AppleWebKit/537.36 (KHTML, like Gecko) Chrome/138.0.0.0 Safari/537.36"
127.0.0.1 - - [11/Jul/2025:17:04:41 -0700] "GET /favicon.ico HTTP/1.1" 404 207 "http://127.0.0.1:5000/" "Mozilla/5.0 (X11; Linux x86_64) AppleWebKit/537.36 (KHTML, like Gecko) Chrome/138.0.0.0 Safari/537.36"
127.0.0.1 - - [11/Jul/2025:17:04:41 -0700] "GET /test_training HTTP/1.1" 200 151 "http://127.0.0.1:5000/" "Mozilla/5.0 (X11; Linux x86_64) AppleWebKit/537.36 (KHTML, like Gecko) Chrome/138.0.0.0 Safari/537.36"
127.0.0.1 - - [11/Jul/2025:17:04:41 -0700] "GET /socket.io/?EIO=4&transport=polling&t=PVxyeGK HTTP/1.1" 200 118 "http://127.0.0.1:5000/" "Mozilla/5.0 (X11; Linux x86_64) AppleWebKit/537.36 (KHTML, like Gecko) Chrome/138.0.0.0 Safari/537.36"
127.0.0.1 - - [11/Jul/2025:17:04:41 -0700] "GET / HTTP/1.1" 200 25607 "-" "Mozilla/5.0 (X11; Linux x86_64) AppleWebKit/537.36 (KHTML, like Gecko) Chrome/138.0.0.0 Safari/537.36"
INFO:data_manager:Found data file: data/NQ_data.csv
INFO:gpu_data_loader:Loading cached data from ./data_cache/nq_data_311059740f77cc509ffcc44e2c7d8c25.parquet
127.0.0.1 - - [11/Jul/2025:17:04:41 -0700] "GET /static/css/style.css HTTP/1.1" 304 0 "http://127.0.0.1:5000/" "Mozilla/5.0 (X11; Linux x86_64) AppleWebKit/537.36 (KHTML, like Gecko) Chrome/138.0.0.0 Safari/537.36"
127.0.0.1 - - [11/Jul/2025:17:04:41 -0700] "GET /static/js/main.js HTTP/1.1" 304 0 "http://127.0.0.1:5000/" "Mozilla/5.0 (X11; Linux x86_64) AppleWebKit/537.36 (KHTML, like Gecko) Chrome/138.0.0.0 Safari/537.36"
127.0.0.1 - - [11/Jul/2025:17:04:41 -0700] "GET /sw.js HTTP/1.1" 404 207 "http://127.0.0.1:5000/" "Mozilla/5.0 (X11; Linux x86_64) AppleWebKit/537.36 (KHTML, like Gecko) Chrome/138.0.0.0 Safari/537.36"
INFO:websocket_handler:Client hwpFcTKMMDeqG2sRAAAF connected from 127.0.0.1
INFO:numba.cuda.cudadrv.driver:init
DEBUG:numba.cuda.cudadrv.driver:call driver api: cuInit
DEBUG:numba.cuda.cudadrv.driver:call driver api: cuCtxGetCurrent
DEBUG:numba.cuda.cudadrv.driver:call driver api: cuCtxGetDevice
DEBUG:numba.cuda.cudadrv.driver:call driver api: cuDeviceGetCount
DEBUG:numba.cuda.cudadrv.driver:call driver api: cuDeviceGet
DEBUG:numba.cuda.cudadrv.driver:call driver api: cuDeviceGetAttribute
DEBUG:numba.cuda.cudadrv.driver:call driver api: cuDeviceGetAttribute
DEBUG:numba.cuda.cudadrv.driver:call driver api: cuDeviceGetName
DEBUG:numba.cuda.cudadrv.driver:call driver api: cuDeviceGetUuid_v2
DEBUG:numba.cuda.cudadrv.driver:call driver api: cuDeviceGet
DEBUG:numba.cuda.cudadrv.driver:call driver api: cuDeviceGetAttribute
DEBUG:numba.cuda.cudadrv.driver:call driver api: cuDeviceGetAttribute
DEBUG:numba.cuda.cudadrv.driver:call driver api: cuDeviceGetName
DEBUG:numba.cuda.cudadrv.driver:call driver api: cuDeviceGetUuid_v2
DEBUG:numba.cuda.cudadrv.driver:call driver api: cuDeviceGet
DEBUG:numba.cuda.cudadrv.driver:call driver api: cuDeviceGetAttribute
DEBUG:numba.cuda.cudadrv.driver:call driver api: cuDeviceGetAttribute
DEBUG:numba.cuda.cudadrv.driver:call driver api: cuDeviceGetName
DEBUG:numba.cuda.cudadrv.driver:call driver api: cuDeviceGetUuid_v2
DEBUG:numba.cuda.cudadrv.driver:call driver api: cuDeviceGet
DEBUG:numba.cuda.cudadrv.driver:call driver api: cuDeviceGetAttribute
DEBUG:numba.cuda.cudadrv.driver:call driver api: cuDeviceGetAttribute
DEBUG:numba.cuda.cudadrv.driver:call driver api: cuDeviceGetName
DEBUG:numba.cuda.cudadrv.driver:call driver api: cuDeviceGetUuid_v2
DEBUG:numba.cuda.cudadrv.driver:call driver api: cuDevicePrimaryCtxRetain
DEBUG:numba.cuda.cudadrv.driver:call driver api: cuPointerGetAttribute
DEBUG:numba.cuda.cudadrv.driver:call driver api: cuCtxGetCurrent
DEBUG:numba.cuda.cudadrv.driver:call driver api: cuCtxGetDevice
DEBUG:numba.cuda.cudadrv.driver:call driver api: cuMemcpyDtoH_v2
DEBUG:numba.cuda.cudadrv.driver:call driver api: cuCtxGetCurrent
DEBUG:numba.cuda.cudadrv.driver:call driver api: cuCtxGetDevice
DEBUG:numba.cuda.cudadrv.driver:call driver api: cuPointerGetAttribute
DEBUG:numba.cuda.cudadrv.driver:call driver api: cuCtxGetCurrent
DEBUG:numba.cuda.cudadrv.driver:call driver api: cuCtxGetDevice
DEBUG:numba.cuda.cudadrv.driver:call driver api: cuMemcpyDtoH_v2
DEBUG:numba.cuda.cudadrv.driver:call driver api: cuCtxGetCurrent
DEBUG:numba.cuda.cudadrv.driver:call driver api: cuCtxGetDevice
DEBUG:numba.cuda.cudadrv.driver:call driver api: cuPointerGetAttribute
DEBUG:numba.cuda.cudadrv.driver:call driver api: cuCtxGetCurrent
DEBUG:numba.cuda.cudadrv.driver:call driver api: cuCtxGetDevice
DEBUG:numba.cuda.cudadrv.driver:call driver api: cuMemcpyDtoH_v2
DEBUG:numba.cuda.cudadrv.driver:call driver api: cuCtxGetCurrent
DEBUG:numba.cuda.cudadrv.driver:call driver api: cuCtxGetDevice
DEBUG:numba.cuda.cudadrv.driver:call driver api: cuPointerGetAttribute
DEBUG:numba.cuda.cudadrv.driver:call driver api: cuCtxGetCurrent
DEBUG:numba.cuda.cudadrv.driver:call driver api: cuCtxGetDevice
DEBUG:numba.cuda.cudadrv.driver:call driver api: cuMemcpyDtoH_v2
DEBUG:numba.cuda.cudadrv.driver:call driver api: cuCtxGetCurrent
DEBUG:numba.cuda.cudadrv.driver:call driver api: cuCtxGetDevice
DEBUG:numba.cuda.cudadrv.driver:call driver api: cuPointerGetAttribute
DEBUG:numba.cuda.cudadrv.driver:call driver api: cuCtxGetCurrent
DEBUG:numba.cuda.cudadrv.driver:call driver api: cuCtxGetDevice
DEBUG:numba.cuda.cudadrv.driver:call driver api: cuMemcpyDtoH_v2
WARNING:data_manager:Insufficient data in NQ_data.csv: 24 rows
INFO:data_manager:Found data file: data/NQ.csv
INFO:gpu_data_loader:Loading cached data from ./data_cache/nq_data_141354cfe489b267668d742f599217ba.parquet
DEBUG:numba.cuda.cudadrv.driver:call driver api: cuCtxGetCurrent
DEBUG:numba.cuda.cudadrv.driver:call driver api: cuCtxGetDevice
DEBUG:numba.cuda.cudadrv.driver:call driver api: cuPointerGetAttribute
DEBUG:numba.cuda.cudadrv.driver:call driver api: cuCtxGetCurrent
DEBUG:numba.cuda.cudadrv.driver:call driver api: cuCtxGetDevice
DEBUG:numba.cuda.cudadrv.driver:call driver api: cuMemcpyDtoH_v2
DEBUG:numba.cuda.cudadrv.driver:call driver api: cuCtxGetCurrent
DEBUG:numba.cuda.cudadrv.driver:call driver api: cuCtxGetDevice
DEBUG:numba.cuda.cudadrv.driver:call driver api: cuPointerGetAttribute
DEBUG:numba.cuda.cudadrv.driver:call driver api: cuCtxGetCurrent
DEBUG:numba.cuda.cudadrv.driver:call driver api: cuCtxGetDevice
DEBUG:numba.cuda.cudadrv.driver:call driver api: cuMemcpyDtoH_v2
DEBUG:numba.cuda.cudadrv.driver:call driver api: cuCtxGetCurrent
DEBUG:numba.cuda.cudadrv.driver:call driver api: cuCtxGetDevice
DEBUG:numba.cuda.cudadrv.driver:call driver api: cuPointerGetAttribute
DEBUG:numba.cuda.cudadrv.driver:call driver api: cuCtxGetCurrent
DEBUG:numba.cuda.cudadrv.driver:call driver api: cuCtxGetDevice
DEBUG:numba.cuda.cudadrv.driver:call driver api: cuMemcpyDtoH_v2
DEBUG:numba.cuda.cudadrv.driver:call driver api: cuCtxGetCurrent
DEBUG:numba.cuda.cudadrv.driver:call driver api: cuCtxGetDevice
DEBUG:numba.cuda.cudadrv.driver:call driver api: cuPointerGetAttribute
DEBUG:numba.cuda.cudadrv.driver:call driver api: cuCtxGetCurrent
DEBUG:numba.cuda.cudadrv.driver:call driver api: cuCtxGetDevice
DEBUG:numba.cuda.cudadrv.driver:call driver api: cuMemcpyDtoH_v2
DEBUG:numba.cuda.cudadrv.driver:call driver api: cuCtxGetCurrent
DEBUG:numba.cuda.cudadrv.driver:call driver api: cuCtxGetDevice
DEBUG:numba.cuda.cudadrv.driver:call driver api: cuPointerGetAttribute
DEBUG:numba.cuda.cudadrv.driver:call driver api: cuCtxGetCurrent
DEBUG:numba.cuda.cudadrv.driver:call driver api: cuCtxGetDevice
DEBUG:numba.cuda.cudadrv.driver:call driver api: cuMemcpyDtoH_v2
INFO:data_manager:Successfully loaded 5,389,750 rows from NQ.csv
INFO:websocket_handler:Background broadcast loop exited
INFO:websocket_handler:Client hwpFcTKMMDeqG2sRAAAF disconnected
INFO:websocket_handler:Background broadcast thread stopped
127.0.0.1 - - [11/Jul/2025:17:05:33 -0700] "GET /socket.io/?EIO=4&transport=polling&t=PVxyiW0 HTTP/1.1" 200 118 "http://127.0.0.1:5000/" "Mozilla/5.0 (X11; Linux x86_64) AppleWebKit/537.36 (KHTML, like Gecko) Chrome/138.0.0.0 Safari/537.36"
127.0.0.1 - - [11/Jul/2025:17:05:33 -0700] "GET /socket.io/?EIO=4&transport=polling&t=PVxynlj HTTP/1.1" 200 118 "http://127.0.0.1:5000/" "Mozilla/5.0 (X11; Linux x86_64) AppleWebKit/537.36 (KHTML, like Gecko) Chrome/138.0.0.0 Safari/537.36"
ERROR:routes:Error stopping training: (sqlite3.OperationalError) database is locked
[SQL: SELECT trading_session.id AS trading_session_id, trading_session.session_name AS trading_session_session_name, trading_session.algorithm_type AS trading_session_algorithm_type, trading_session.parameters AS trading_session_parameters, trading_session.start_time AS trading_session_start_time, trading_session.end_time AS trading_session_end_time, trading_session.status AS trading_session_status, trading_session.total_episodes AS trading_session_total_episodes, trading_session.current_episode AS trading_session_current_episode, trading_session.total_profit AS trading_session_total_profit, trading_session.total_trades AS trading_session_total_trades, trading_session.win_rate AS trading_session_win_rate, trading_session.sharpe_ratio AS trading_session_sharpe_ratio, trading_session.max_drawdown AS trading_session_max_drawdown 
FROM trading_session 
WHERE trading_session.id = ?]
[parameters: (19,)]
(Background on this error at: https://sqlalche.me/e/20/e3q8)
127.0.0.1 - - [11/Jul/2025:17:05:38 -0700] "POST /stop_training HTTP/1.1" 500 1051 "http://127.0.0.1:5000/" "Mozilla/5.0 (X11; Linux x86_64) AppleWebKit/537.36 (KHTML, like Gecko) Chrome/138.0.0.0 Safari/537.36"
127.0.0.1 - - [11/Jul/2025:17:05:38 -0700] "GET /socket.io/?EIO=4&transport=polling&t=PVxytCd HTTP/1.1" 200 118 "http://127.0.0.1:5000/" "Mozilla/5.0 (X11; Linux x86_64) AppleWebKit/537.36 (KHTML, like Gecko) Chrome/138.0.0.0 Safari/537.36"
ERROR:routes:Error stopping training: (sqlite3.OperationalError) database is locked
[SQL: SELECT trading_session.id AS trading_session_id, trading_session.session_name AS trading_session_session_name, trading_session.algorithm_type AS trading_session_algorithm_type, trading_session.parameters AS trading_session_parameters, trading_session.start_time AS trading_session_start_time, trading_session.end_time AS trading_session_end_time, trading_session.status AS trading_session_status, trading_session.total_episodes AS trading_session_total_episodes, trading_session.current_episode AS trading_session_current_episode, trading_session.total_profit AS trading_session_total_profit, trading_session.total_trades AS trading_session_total_trades, trading_session.win_rate AS trading_session_win_rate, trading_session.sharpe_ratio AS trading_session_sharpe_ratio, trading_session.max_drawdown AS trading_session_max_drawdown 
FROM trading_session 
WHERE trading_session.id = ?]
[parameters: (19,)]
(Background on this error at: https://sqlalche.me/e/20/e3q8)
127.0.0.1 - - [11/Jul/2025:17:05:43 -0700] "POST /stop_training HTTP/1.1" 500 1051 "http://127.0.0.1:5000/" "Mozilla/5.0 (X11; Linux x86_64) AppleWebKit/537.36 (KHTML, like Gecko) Chrome/138.0.0.0 Safari/537.36"
ERROR:app:Exception on / [GET]
Traceback (most recent call last):
  File "/home/alex/miniconda3/envs/ReinforcementTrader/lib/python3.12/site-packages/sqlalchemy/engine/base.py", line 1967, in _exec_single_context
    self.dialect.do_execute(
  File "/home/alex/miniconda3/envs/ReinforcementTrader/lib/python3.12/site-packages/sqlalchemy/engine/default.py", line 941, in do_execute
    cursor.execute(statement, parameters)
sqlite3.OperationalError: database is locked

The above exception was the direct cause of the following exception:

Traceback (most recent call last):
  File "/home/alex/miniconda3/envs/ReinforcementTrader/lib/python3.12/site-packages/flask/app.py", line 1511, in wsgi_app
    response = self.full_dispatch_request()
               ^^^^^^^^^^^^^^^^^^^^^^^^^^^^
  File "/home/alex/miniconda3/envs/ReinforcementTrader/lib/python3.12/site-packages/flask/app.py", line 919, in full_dispatch_request
    rv = self.handle_user_exception(e)
         ^^^^^^^^^^^^^^^^^^^^^^^^^^^^^
  File "/home/alex/miniconda3/envs/ReinforcementTrader/lib/python3.12/site-packages/flask/app.py", line 917, in full_dispatch_request
    rv = self.dispatch_request()
         ^^^^^^^^^^^^^^^^^^^^^^^
  File "/home/alex/miniconda3/envs/ReinforcementTrader/lib/python3.12/site-packages/flask/app.py", line 902, in dispatch_request
    return self.ensure_sync(self.view_functions[rule.endpoint])(**view_args)  # type: ignore[no-any-return]
           ^^^^^^^^^^^^^^^^^^^^^^^^^^^^^^^^^^^^^^^^^^^^^^^^^^^^^^^^^^^^^^^^^
  File "/home/alex/PycharmProjects/ReinforcementTrader/routes.py", line 14, in index
    active_sessions = TradingSession.query.filter_by(status='active').all()
                      ^^^^^^^^^^^^^^^^^^^^^^^^^^^^^^^^^^^^^^^^^^^^^^^^^^^^^
  File "/home/alex/miniconda3/envs/ReinforcementTrader/lib/python3.12/site-packages/sqlalchemy/orm/query.py", line 2673, in all
    return self._iter().all()  # type: ignore
           ^^^^^^^^^^^^
  File "/home/alex/miniconda3/envs/ReinforcementTrader/lib/python3.12/site-packages/sqlalchemy/orm/query.py", line 2827, in _iter
    result: Union[ScalarResult[_T], Result[_T]] = self.session.execute(
                                                  ^^^^^^^^^^^^^^^^^^^^^
  File "/home/alex/miniconda3/envs/ReinforcementTrader/lib/python3.12/site-packages/sqlalchemy/orm/session.py", line 2362, in execute
    return self._execute_internal(
           ^^^^^^^^^^^^^^^^^^^^^^^
  File "/home/alex/miniconda3/envs/ReinforcementTrader/lib/python3.12/site-packages/sqlalchemy/orm/session.py", line 2247, in _execute_internal
    result: Result[Any] = compile_state_cls.orm_execute_statement(
                          ^^^^^^^^^^^^^^^^^^^^^^^^^^^^^^^^^^^^^^^^
  File "/home/alex/miniconda3/envs/ReinforcementTrader/lib/python3.12/site-packages/sqlalchemy/orm/context.py", line 293, in orm_execute_statement
    result = conn.execute(
             ^^^^^^^^^^^^^
  File "/home/alex/miniconda3/envs/ReinforcementTrader/lib/python3.12/site-packages/sqlalchemy/engine/base.py", line 1418, in execute
    return meth(
           ^^^^^
  File "/home/alex/miniconda3/envs/ReinforcementTrader/lib/python3.12/site-packages/sqlalchemy/sql/elements.py", line 515, in _execute_on_connection
    return connection._execute_clauseelement(
           ^^^^^^^^^^^^^^^^^^^^^^^^^^^^^^^^^^
  File "/home/alex/miniconda3/envs/ReinforcementTrader/lib/python3.12/site-packages/sqlalchemy/engine/base.py", line 1640, in _execute_clauseelement
    ret = self._execute_context(
          ^^^^^^^^^^^^^^^^^^^^^^
  File "/home/alex/miniconda3/envs/ReinforcementTrader/lib/python3.12/site-packages/sqlalchemy/engine/base.py", line 1846, in _execute_context
    return self._exec_single_context(
           ^^^^^^^^^^^^^^^^^^^^^^^^^^
  File "/home/alex/miniconda3/envs/ReinforcementTrader/lib/python3.12/site-packages/sqlalchemy/engine/base.py", line 1986, in _exec_single_context
    self._handle_dbapi_exception(
  File "/home/alex/miniconda3/envs/ReinforcementTrader/lib/python3.12/site-packages/sqlalchemy/engine/base.py", line 2355, in _handle_dbapi_exception
    raise sqlalchemy_exception.with_traceback(exc_info[2]) from e
  File "/home/alex/miniconda3/envs/ReinforcementTrader/lib/python3.12/site-packages/sqlalchemy/engine/base.py", line 1967, in _exec_single_context
    self.dialect.do_execute(
  File "/home/alex/miniconda3/envs/ReinforcementTrader/lib/python3.12/site-packages/sqlalchemy/engine/default.py", line 941, in do_execute
    cursor.execute(statement, parameters)
sqlalchemy.exc.OperationalError: (sqlite3.OperationalError) database is locked
[SQL: SELECT trading_session.id AS trading_session_id, trading_session.session_name AS trading_session_session_name, trading_session.algorithm_type AS trading_session_algorithm_type, trading_session.parameters AS trading_session_parameters, trading_session.start_time AS trading_session_start_time, trading_session.end_time AS trading_session_end_time, trading_session.status AS trading_session_status, trading_session.total_episodes AS trading_session_total_episodes, trading_session.current_episode AS trading_session_current_episode, trading_session.total_profit AS trading_session_total_profit, trading_session.total_trades AS trading_session_total_trades, trading_session.win_rate AS trading_session_win_rate, trading_session.sharpe_ratio AS trading_session_sharpe_ratio, trading_session.max_drawdown AS trading_session_max_drawdown 
FROM trading_session 
WHERE trading_session.status = ?]
[parameters: ('active',)]
(Background on this error at: https://sqlalche.me/e/20/e3q8)
127.0.0.1 - - [11/Jul/2025:17:05:48 -0700] "GET / HTTP/1.1" 500 265 "-" "Mozilla/5.0 (X11; Linux x86_64) AppleWebKit/537.36 (KHTML, like Gecko) Chrome/138.0.0.0 Safari/537.36"
ERROR:app:Exception on / [GET]
Traceback (most recent call last):
  File "/home/alex/miniconda3/envs/ReinforcementTrader/lib/python3.12/site-packages/sqlalchemy/engine/base.py", line 1967, in _exec_single_context
    self.dialect.do_execute(
  File "/home/alex/miniconda3/envs/ReinforcementTrader/lib/python3.12/site-packages/sqlalchemy/engine/default.py", line 941, in do_execute
    cursor.execute(statement, parameters)
sqlite3.OperationalError: database is locked

The above exception was the direct cause of the following exception:

Traceback (most recent call last):
  File "/home/alex/miniconda3/envs/ReinforcementTrader/lib/python3.12/site-packages/flask/app.py", line 1511, in wsgi_app
    response = self.full_dispatch_request()
               ^^^^^^^^^^^^^^^^^^^^^^^^^^^^
  File "/home/alex/miniconda3/envs/ReinforcementTrader/lib/python3.12/site-packages/flask/app.py", line 919, in full_dispatch_request
    rv = self.handle_user_exception(e)
         ^^^^^^^^^^^^^^^^^^^^^^^^^^^^^
  File "/home/alex/miniconda3/envs/ReinforcementTrader/lib/python3.12/site-packages/flask/app.py", line 917, in full_dispatch_request
    rv = self.dispatch_request()
         ^^^^^^^^^^^^^^^^^^^^^^^
  File "/home/alex/miniconda3/envs/ReinforcementTrader/lib/python3.12/site-packages/flask/app.py", line 902, in dispatch_request
    return self.ensure_sync(self.view_functions[rule.endpoint])(**view_args)  # type: ignore[no-any-return]
           ^^^^^^^^^^^^^^^^^^^^^^^^^^^^^^^^^^^^^^^^^^^^^^^^^^^^^^^^^^^^^^^^^
  File "/home/alex/PycharmProjects/ReinforcementTrader/routes.py", line 14, in index
    active_sessions = TradingSession.query.filter_by(status='active').all()
                      ^^^^^^^^^^^^^^^^^^^^^^^^^^^^^^^^^^^^^^^^^^^^^^^^^^^^^
  File "/home/alex/miniconda3/envs/ReinforcementTrader/lib/python3.12/site-packages/sqlalchemy/orm/query.py", line 2673, in all
    return self._iter().all()  # type: ignore
           ^^^^^^^^^^^^
  File "/home/alex/miniconda3/envs/ReinforcementTrader/lib/python3.12/site-packages/sqlalchemy/orm/query.py", line 2827, in _iter
    result: Union[ScalarResult[_T], Result[_T]] = self.session.execute(
                                                  ^^^^^^^^^^^^^^^^^^^^^
  File "/home/alex/miniconda3/envs/ReinforcementTrader/lib/python3.12/site-packages/sqlalchemy/orm/session.py", line 2362, in execute
    return self._execute_internal(
           ^^^^^^^^^^^^^^^^^^^^^^^
  File "/home/alex/miniconda3/envs/ReinforcementTrader/lib/python3.12/site-packages/sqlalchemy/orm/session.py", line 2247, in _execute_internal
    result: Result[Any] = compile_state_cls.orm_execute_statement(
                          ^^^^^^^^^^^^^^^^^^^^^^^^^^^^^^^^^^^^^^^^
  File "/home/alex/miniconda3/envs/ReinforcementTrader/lib/python3.12/site-packages/sqlalchemy/orm/context.py", line 293, in orm_execute_statement
    result = conn.execute(
             ^^^^^^^^^^^^^
  File "/home/alex/miniconda3/envs/ReinforcementTrader/lib/python3.12/site-packages/sqlalchemy/engine/base.py", line 1418, in execute
    return meth(
           ^^^^^
  File "/home/alex/miniconda3/envs/ReinforcementTrader/lib/python3.12/site-packages/sqlalchemy/sql/elements.py", line 515, in _execute_on_connection
    return connection._execute_clauseelement(
           ^^^^^^^^^^^^^^^^^^^^^^^^^^^^^^^^^^
  File "/home/alex/miniconda3/envs/ReinforcementTrader/lib/python3.12/site-packages/sqlalchemy/engine/base.py", line 1640, in _execute_clauseelement
    ret = self._execute_context(
          ^^^^^^^^^^^^^^^^^^^^^^
  File "/home/alex/miniconda3/envs/ReinforcementTrader/lib/python3.12/site-packages/sqlalchemy/engine/base.py", line 1846, in _execute_context
    return self._exec_single_context(
           ^^^^^^^^^^^^^^^^^^^^^^^^^^
  File "/home/alex/miniconda3/envs/ReinforcementTrader/lib/python3.12/site-packages/sqlalchemy/engine/base.py", line 1986, in _exec_single_context
    self._handle_dbapi_exception(
  File "/home/alex/miniconda3/envs/ReinforcementTrader/lib/python3.12/site-packages/sqlalchemy/engine/base.py", line 2355, in _handle_dbapi_exception
    raise sqlalchemy_exception.with_traceback(exc_info[2]) from e
  File "/home/alex/miniconda3/envs/ReinforcementTrader/lib/python3.12/site-packages/sqlalchemy/engine/base.py", line 1967, in _exec_single_context
    self.dialect.do_execute(
  File "/home/alex/miniconda3/envs/ReinforcementTrader/lib/python3.12/site-packages/sqlalchemy/engine/default.py", line 941, in do_execute
    cursor.execute(statement, parameters)
sqlalchemy.exc.OperationalError: (sqlite3.OperationalError) database is locked
[SQL: SELECT trading_session.id AS trading_session_id, trading_session.session_name AS trading_session_session_name, trading_session.algorithm_type AS trading_session_algorithm_type, trading_session.parameters AS trading_session_parameters, trading_session.start_time AS trading_session_start_time, trading_session.end_time AS trading_session_end_time, trading_session.status AS trading_session_status, trading_session.total_episodes AS trading_session_total_episodes, trading_session.current_episode AS trading_session_current_episode, trading_session.total_profit AS trading_session_total_profit, trading_session.total_trades AS trading_session_total_trades, trading_session.win_rate AS trading_session_win_rate, trading_session.sharpe_ratio AS trading_session_sharpe_ratio, trading_session.max_drawdown AS trading_session_max_drawdown 
FROM trading_session 
WHERE trading_session.status = ?]
[parameters: ('active',)]
(Background on this error at: https://sqlalche.me/e/20/e3q8)
127.0.0.1 - - [11/Jul/2025:17:06:20 -0700] "GET / HTTP/1.1" 500 265 "-" "Mozilla/5.0 (X11; Linux x86_64) AppleWebKit/537.36 (KHTML, like Gecko) Chrome/138.0.0.0 Safari/537.36"
